****                   ADMIXTURE Version 1.3.0                  ****
****                    Copyright 2008-2015                     ****
****           David Alexander, Suyash Shringarpure,            ****
****                John  Novembre, Ken Lange                   ****
****                                                            ****
****                 Please cite our paper!                     ****
****   Information at www.genetics.ucla.edu/software/admixture  ****

Parallel execution requested.  Will use 8 threads.
Cross-validation will be performed.  Folds=10.
Random seed: 314161
Point estimation method: Block relaxation algorithm
Convergence acceleration algorithm: QuasiNewton, 3 secant conditions
Point estimation will terminate when objective function delta < 0.0001
Estimation of standard errors disabled; will compute point estimates only.
Size of G: 129x540147
Performing five EM steps to prime main algorithm
1 (EM) 	Elapsed: 6.218	Loglikelihood: -7.97859e+07	(delta): 3.96509e+07
2 (EM) 	Elapsed: 6.223	Loglikelihood: -7.77481e+07	(delta): 2.03783e+06
3 (EM) 	Elapsed: 6.225	Loglikelihood: -7.71266e+07	(delta): 621536
4 (EM) 	Elapsed: 6.219	Loglikelihood: -7.68255e+07	(delta): 301104
5 (EM) 	Elapsed: 6.221	Loglikelihood: -7.66678e+07	(delta): 157703
Initial loglikelihood: -7.66678e+07
Starting main algorithm
1 (QN/Block) 	Elapsed: 13.304	Loglikelihood: -7.39086e+07	(delta): 2.75917e+06
2 (QN/Block) 	Elapsed: 13.304	Loglikelihood: -7.30082e+07	(delta): 900408
3 (QN/Block) 	Elapsed: 13.667	Loglikelihood: -7.28704e+07	(delta): 137804
4 (QN/Block) 	Elapsed: 13.99	Loglikelihood: -7.27464e+07	(delta): 123998
5 (QN/Block) 	Elapsed: 14.036	Loglikelihood: -7.27163e+07	(delta): 30091.8
6 (QN/Block) 	Elapsed: 14.1	Loglikelihood: -7.27133e+07	(delta): 3006.71
7 (QN/Block) 	Elapsed: 14.594	Loglikelihood: -7.27131e+07	(delta): 168.905
8 (QN/Block) 	Elapsed: 13.668	Loglikelihood: -7.27131e+07	(delta): 12.5598
9 (QN/Block) 	Elapsed: 13.525	Loglikelihood: -7.27131e+07	(delta): 3.54446
10 (QN/Block) 	Elapsed: 13.52	Loglikelihood: -7.27131e+07	(delta): 0.834821
11 (QN/Block) 	Elapsed: 13.525	Loglikelihood: -7.27131e+07	(delta): 0.0571046
12 (QN/Block) 	Elapsed: 13.521	Loglikelihood: -7.27131e+07	(delta): 0.0013352
13 (QN/Block) 	Elapsed: 13.534	Loglikelihood: -7.27131e+07	(delta): 0.00023675
14 (QN/Block) 	Elapsed: 13.642	Loglikelihood: -7.27131e+07	(delta): 6.10948e-07
Summary: 
Converged in 14 iterations (225.511 sec)
Loglikelihood: -72713091.986923
Fst divergences between estimated populations: 
	Pop0	
Pop0	
Pop1	0.124	
CV error (K=2): 0.57735
Writing output files.
