****                   ADMIXTURE Version 1.3.0                  ****
****                    Copyright 2008-2015                     ****
****           David Alexander, Suyash Shringarpure,            ****
****                John  Novembre, Ken Lange                   ****
****                                                            ****
****                 Please cite our paper!                     ****
****   Information at www.genetics.ucla.edu/software/admixture  ****

Parallel execution requested.  Will use 8 threads.
Cross-validation will be performed.  Folds=10.
Random seed: 314161
Point estimation method: Block relaxation algorithm
Convergence acceleration algorithm: QuasiNewton, 3 secant conditions
Point estimation will terminate when objective function delta < 0.0001
Estimation of standard errors disabled; will compute point estimates only.
Size of G: 129x540147
Performing five EM steps to prime main algorithm
1 (EM) 	Elapsed: 14.564	Loglikelihood: -8.0181e+07	(delta): 2.73944e+07
2 (EM) 	Elapsed: 14.865	Loglikelihood: -7.82182e+07	(delta): 1.96278e+06
3 (EM) 	Elapsed: 14.814	Loglikelihood: -7.75788e+07	(delta): 639426
4 (EM) 	Elapsed: 14.81	Loglikelihood: -7.71829e+07	(delta): 395900
5 (EM) 	Elapsed: 14.882	Loglikelihood: -7.68964e+07	(delta): 286480
Initial loglikelihood: -7.68964e+07
Starting main algorithm
1 (QN/Block) 	Elapsed: 24.94	Loglikelihood: -7.2755e+07	(delta): 4.1414e+06
2 (QN/Block) 	Elapsed: 24.92	Loglikelihood: -7.21843e+07	(delta): 570759
3 (QN/Block) 	Elapsed: 25.611	Loglikelihood: -7.20098e+07	(delta): 174482
4 (QN/Block) 	Elapsed: 25.72	Loglikelihood: -7.19516e+07	(delta): 58169.9
5 (QN/Block) 	Elapsed: 25.173	Loglikelihood: -7.1932e+07	(delta): 19597
6 (QN/Block) 	Elapsed: 24.384	Loglikelihood: -7.18962e+07	(delta): 35828.1
7 (QN/Block) 	Elapsed: 24.66	Loglikelihood: -7.18742e+07	(delta): 21973.4
8 (QN/Block) 	Elapsed: 25.221	Loglikelihood: -7.18639e+07	(delta): 10309.4
9 (QN/Block) 	Elapsed: 24.941	Loglikelihood: -7.18576e+07	(delta): 6304.11
10 (QN/Block) 	Elapsed: 25.053	Loglikelihood: -7.18537e+07	(delta): 3923.68
11 (QN/Block) 	Elapsed: 25.666	Loglikelihood: -7.18512e+07	(delta): 2463.3
12 (QN/Block) 	Elapsed: 26.01	Loglikelihood: -7.18489e+07	(delta): 2344.61
13 (QN/Block) 	Elapsed: 26.032	Loglikelihood: -7.18469e+07	(delta): 1935.38
14 (QN/Block) 	Elapsed: 26.014	Loglikelihood: -7.18443e+07	(delta): 2596.26
15 (QN/Block) 	Elapsed: 25.65	Loglikelihood: -7.18413e+07	(delta): 2998.32
16 (QN/Block) 	Elapsed: 26.029	Loglikelihood: -7.18382e+07	(delta): 3146.85
17 (QN/Block) 	Elapsed: 25.908	Loglikelihood: -7.18365e+07	(delta): 1631.79
18 (QN/Block) 	Elapsed: 25.753	Loglikelihood: -7.1834e+07	(delta): 2520.2
19 (QN/Block) 	Elapsed: 25.759	Loglikelihood: -7.18324e+07	(delta): 1599.64
20 (QN/Block) 	Elapsed: 25.498	Loglikelihood: -7.18308e+07	(delta): 1596.4
21 (QN/Block) 	Elapsed: 25.937	Loglikelihood: -7.18299e+07	(delta): 965.912
22 (QN/Block) 	Elapsed: 25.908	Loglikelihood: -7.18289e+07	(delta): 1017.6
23 (QN/Block) 	Elapsed: 26.049	Loglikelihood: -7.18278e+07	(delta): 1056.4
24 (QN/Block) 	Elapsed: 26.198	Loglikelihood: -7.18267e+07	(delta): 1089.18
25 (QN/Block) 	Elapsed: 26.025	Loglikelihood: -7.18255e+07	(delta): 1181.42
26 (QN/Block) 	Elapsed: 26.05	Loglikelihood: -7.18242e+07	(delta): 1347.69
27 (QN/Block) 	Elapsed: 26.022	Loglikelihood: -7.18226e+07	(delta): 1592.59
28 (QN/Block) 	Elapsed: 25.472	Loglikelihood: -7.18204e+07	(delta): 2224.72
29 (QN/Block) 	Elapsed: 25.466	Loglikelihood: -7.18187e+07	(delta): 1640.96
30 (QN/Block) 	Elapsed: 25.492	Loglikelihood: -7.18178e+07	(delta): 913.448
31 (QN/Block) 	Elapsed: 25.487	Loglikelihood: -7.18166e+07	(delta): 1212.03
32 (QN/Block) 	Elapsed: 25.489	Loglikelihood: -7.18161e+07	(delta): 473.498
33 (QN/Block) 	Elapsed: 25.494	Loglikelihood: -7.18159e+07	(delta): 202.634
34 (QN/Block) 	Elapsed: 25.478	Loglikelihood: -7.18156e+07	(delta): 343.389
35 (QN/Block) 	Elapsed: 25.482	Loglikelihood: -7.18153e+07	(delta): 222.556
36 (QN/Block) 	Elapsed: 25.289	Loglikelihood: -7.18152e+07	(delta): 188.534
37 (QN/Block) 	Elapsed: 25.334	Loglikelihood: -7.18151e+07	(delta): 96.5975
38 (QN/Block) 	Elapsed: 25.343	Loglikelihood: -7.18147e+07	(delta): 329.051
39 (QN/Block) 	Elapsed: 25.325	Loglikelihood: -7.18145e+07	(delta): 276.793
40 (QN/Block) 	Elapsed: 25.458	Loglikelihood: -7.18142e+07	(delta): 237.413
41 (QN/Block) 	Elapsed: 25.492	Loglikelihood: -7.18141e+07	(delta): 86.2445
42 (QN/Block) 	Elapsed: 25.509	Loglikelihood: -7.18139e+07	(delta): 215.911
43 (QN/Block) 	Elapsed: 25.462	Loglikelihood: -7.18137e+07	(delta): 185.08
44 (QN/Block) 	Elapsed: 25.473	Loglikelihood: -7.18137e+07	(delta): 74.6533
45 (QN/Block) 	Elapsed: 25.477	Loglikelihood: -7.18136e+07	(delta): 43.2012
46 (QN/Block) 	Elapsed: 25.573	Loglikelihood: -7.18135e+07	(delta): 107.654
47 (QN/Block) 	Elapsed: 25.543	Loglikelihood: -7.18135e+07	(delta): 27.1157
48 (QN/Block) 	Elapsed: 25.677	Loglikelihood: -7.18135e+07	(delta): 18.7442
49 (QN/Block) 	Elapsed: 25.535	Loglikelihood: -7.18135e+07	(delta): 9.83111
50 (QN/Block) 	Elapsed: 25.556	Loglikelihood: -7.18134e+07	(delta): 13.2179
51 (QN/Block) 	Elapsed: 25.481	Loglikelihood: -7.18134e+07	(delta): 5.4228
52 (QN/Block) 	Elapsed: 25.505	Loglikelihood: -7.18134e+07	(delta): 1.10468
53 (QN/Block) 	Elapsed: 25.479	Loglikelihood: -7.18134e+07	(delta): 1.4153
54 (QN/Block) 	Elapsed: 25.49	Loglikelihood: -7.18134e+07	(delta): 0.275492
55 (QN/Block) 	Elapsed: 25.583	Loglikelihood: -7.18134e+07	(delta): 0.143638
56 (QN/Block) 	Elapsed: 25.545	Loglikelihood: -7.18134e+07	(delta): 0.0623316
57 (QN/Block) 	Elapsed: 25.391	Loglikelihood: -7.18134e+07	(delta): 0.0460077
58 (QN/Block) 	Elapsed: 25.373	Loglikelihood: -7.18134e+07	(delta): 0.00521015
59 (QN/Block) 	Elapsed: 25.397	Loglikelihood: -7.18134e+07	(delta): 0.00279167
60 (QN/Block) 	Elapsed: 25.372	Loglikelihood: -7.18134e+07	(delta): 0.0017045
61 (QN/Block) 	Elapsed: 25.395	Loglikelihood: -7.18134e+07	(delta): 0.000344336
62 (QN/Block) 	Elapsed: 25.395	Loglikelihood: -7.18134e+07	(delta): 0.000177458
63 (QN/Block) 	Elapsed: 25.412	Loglikelihood: -7.18134e+07	(delta): 7.89165e-05
Summary: 
Converged in 63 iterations (1691.54 sec)
Loglikelihood: -71813430.976308
Fst divergences between estimated populations: 
	Pop0	Pop1	Pop2	
Pop0	
Pop1	0.129	
Pop2	0.204	0.278	
Pop3	0.126	0.193	0.165	
CV error (K=4): 0.65997
Writing output files.
