****                   ADMIXTURE Version 1.3.0                  ****
****                    Copyright 2008-2015                     ****
****           David Alexander, Suyash Shringarpure,            ****
****                John  Novembre, Ken Lange                   ****
****                                                            ****
****                 Please cite our paper!                     ****
****   Information at www.genetics.ucla.edu/software/admixture  ****

Parallel execution requested.  Will use 8 threads.
Cross-validation will be performed.  Folds=10.
Random seed: 314161
Point estimation method: Block relaxation algorithm
Convergence acceleration algorithm: QuasiNewton, 3 secant conditions
Point estimation will terminate when objective function delta < 0.0001
Estimation of standard errors disabled; will compute point estimates only.
Size of G: 129x540147
Performing five EM steps to prime main algorithm
1 (EM) 	Elapsed: 12.059	Loglikelihood: -8.01343e+07	(delta): 2.56712e+07
2 (EM) 	Elapsed: 12.054	Loglikelihood: -7.81473e+07	(delta): 1.98704e+06
3 (EM) 	Elapsed: 13.008	Loglikelihood: -7.74922e+07	(delta): 655110
4 (EM) 	Elapsed: 13.02	Loglikelihood: -7.7075e+07	(delta): 417229
5 (EM) 	Elapsed: 12.987	Loglikelihood: -7.6767e+07	(delta): 307968
Initial loglikelihood: -7.6767e+07
Starting main algorithm
1 (QN/Block) 	Elapsed: 29.525	Loglikelihood: -7.25048e+07	(delta): 4.26219e+06
2 (QN/Block) 	Elapsed: 29.438	Loglikelihood: -7.20321e+07	(delta): 472707
3 (QN/Block) 	Elapsed: 30.504	Loglikelihood: -7.18751e+07	(delta): 157047
4 (QN/Block) 	Elapsed: 30.158	Loglikelihood: -7.17061e+07	(delta): 168999
5 (QN/Block) 	Elapsed: 30.746	Loglikelihood: -7.16383e+07	(delta): 67740.7
6 (QN/Block) 	Elapsed: 30.516	Loglikelihood: -7.16071e+07	(delta): 31231.9
7 (QN/Block) 	Elapsed: 30.34	Loglikelihood: -7.15744e+07	(delta): 32695.9
8 (QN/Block) 	Elapsed: 30.687	Loglikelihood: -7.15565e+07	(delta): 17874.2
9 (QN/Block) 	Elapsed: 30.661	Loglikelihood: -7.15458e+07	(delta): 10714.1
10 (QN/Block) 	Elapsed: 30.42	Loglikelihood: -7.15387e+07	(delta): 7135.89
11 (QN/Block) 	Elapsed: 30.44	Loglikelihood: -7.15288e+07	(delta): 9844.44
12 (QN/Block) 	Elapsed: 30.343	Loglikelihood: -7.15258e+07	(delta): 3003.51
13 (QN/Block) 	Elapsed: 30.401	Loglikelihood: -7.15237e+07	(delta): 2070.34
14 (QN/Block) 	Elapsed: 30.383	Loglikelihood: -7.15218e+07	(delta): 1900.2
15 (QN/Block) 	Elapsed: 30.36	Loglikelihood: -7.15169e+07	(delta): 4906.56
16 (QN/Block) 	Elapsed: 30.954	Loglikelihood: -7.15128e+07	(delta): 4140.11
17 (QN/Block) 	Elapsed: 30.437	Loglikelihood: -7.15116e+07	(delta): 1158.81
18 (QN/Block) 	Elapsed: 30.352	Loglikelihood: -7.15108e+07	(delta): 878.309
19 (QN/Block) 	Elapsed: 30.34	Loglikelihood: -7.15099e+07	(delta): 906.196
20 (QN/Block) 	Elapsed: 30.673	Loglikelihood: -7.15092e+07	(delta): 643.23
21 (QN/Block) 	Elapsed: 30.438	Loglikelihood: -7.15086e+07	(delta): 621.857
22 (QN/Block) 	Elapsed: 30.588	Loglikelihood: -7.15081e+07	(delta): 451.051
23 (QN/Block) 	Elapsed: 30.907	Loglikelihood: -7.15073e+07	(delta): 826.526
24 (QN/Block) 	Elapsed: 30.639	Loglikelihood: -7.15069e+07	(delta): 410.777
25 (QN/Block) 	Elapsed: 30.44	Loglikelihood: -7.15064e+07	(delta): 467.728
26 (QN/Block) 	Elapsed: 30.395	Loglikelihood: -7.15058e+07	(delta): 608.203
27 (QN/Block) 	Elapsed: 30.855	Loglikelihood: -7.15055e+07	(delta): 311.776
28 (QN/Block) 	Elapsed: 30.648	Loglikelihood: -7.15053e+07	(delta): 210.521
29 (QN/Block) 	Elapsed: 30.346	Loglikelihood: -7.15051e+07	(delta): 180.398
30 (QN/Block) 	Elapsed: 30.729	Loglikelihood: -7.15048e+07	(delta): 345.791
31 (QN/Block) 	Elapsed: 30.524	Loglikelihood: -7.15046e+07	(delta): 211.432
32 (QN/Block) 	Elapsed: 30.372	Loglikelihood: -7.15044e+07	(delta): 129.794
33 (QN/Block) 	Elapsed: 30.17	Loglikelihood: -7.15043e+07	(delta): 104.68
34 (QN/Block) 	Elapsed: 30.521	Loglikelihood: -7.15042e+07	(delta): 93.1611
35 (QN/Block) 	Elapsed: 30.683	Loglikelihood: -7.15041e+07	(delta): 183.6
36 (QN/Block) 	Elapsed: 30.482	Loglikelihood: -7.1504e+07	(delta): 68.4306
37 (QN/Block) 	Elapsed: 30.285	Loglikelihood: -7.15039e+07	(delta): 35.2559
38 (QN/Block) 	Elapsed: 30.327	Loglikelihood: -7.15039e+07	(delta): 19.9635
39 (QN/Block) 	Elapsed: 30.294	Loglikelihood: -7.15038e+07	(delta): 120.94
40 (QN/Block) 	Elapsed: 30.408	Loglikelihood: -7.15037e+07	(delta): 60.9271
41 (QN/Block) 	Elapsed: 30.239	Loglikelihood: -7.15037e+07	(delta): 51.2132
42 (QN/Block) 	Elapsed: 30.327	Loglikelihood: -7.15037e+07	(delta): 26.0898
43 (QN/Block) 	Elapsed: 30.297	Loglikelihood: -7.15036e+07	(delta): 32.182
44 (QN/Block) 	Elapsed: 30.32	Loglikelihood: -7.15036e+07	(delta): 22.8974
45 (QN/Block) 	Elapsed: 30.05	Loglikelihood: -7.15036e+07	(delta): 18.391
46 (QN/Block) 	Elapsed: 30.15	Loglikelihood: -7.15036e+07	(delta): 10.7403
47 (QN/Block) 	Elapsed: 30.743	Loglikelihood: -7.15036e+07	(delta): 21.8961
48 (QN/Block) 	Elapsed: 30.438	Loglikelihood: -7.15035e+07	(delta): 20.2693
49 (QN/Block) 	Elapsed: 30.469	Loglikelihood: -7.15035e+07	(delta): 13.1765
50 (QN/Block) 	Elapsed: 30.439	Loglikelihood: -7.15035e+07	(delta): 4.41379
51 (QN/Block) 	Elapsed: 30.515	Loglikelihood: -7.15035e+07	(delta): 14.2284
52 (QN/Block) 	Elapsed: 30.581	Loglikelihood: -7.15035e+07	(delta): 2.59216
53 (QN/Block) 	Elapsed: 30.906	Loglikelihood: -7.15035e+07	(delta): 4.25715
54 (QN/Block) 	Elapsed: 30.381	Loglikelihood: -7.15035e+07	(delta): 1.40237
55 (QN/Block) 	Elapsed: 30.39	Loglikelihood: -7.15035e+07	(delta): 2.02445
56 (QN/Block) 	Elapsed: 30.206	Loglikelihood: -7.15035e+07	(delta): 2.06502
57 (QN/Block) 	Elapsed: 30.15	Loglikelihood: -7.15035e+07	(delta): 0.937659
58 (QN/Block) 	Elapsed: 30.172	Loglikelihood: -7.15035e+07	(delta): 0.339172
59 (QN/Block) 	Elapsed: 30.124	Loglikelihood: -7.15035e+07	(delta): 0.149738
60 (QN/Block) 	Elapsed: 30.162	Loglikelihood: -7.15035e+07	(delta): 0.228079
61 (QN/Block) 	Elapsed: 30.066	Loglikelihood: -7.15035e+07	(delta): 0.209093
62 (QN/Block) 	Elapsed: 30.297	Loglikelihood: -7.15035e+07	(delta): 0.0521204
63 (QN/Block) 	Elapsed: 29.361	Loglikelihood: -7.15035e+07	(delta): 0.0710722
64 (QN/Block) 	Elapsed: 30.286	Loglikelihood: -7.15035e+07	(delta): 0.0662034
65 (QN/Block) 	Elapsed: 30.173	Loglikelihood: -7.15035e+07	(delta): 0.0188825
66 (QN/Block) 	Elapsed: 30.235	Loglikelihood: -7.15035e+07	(delta): 0.00153914
67 (QN/Block) 	Elapsed: 30.217	Loglikelihood: -7.15035e+07	(delta): 0.000850439
68 (QN/Block) 	Elapsed: 30.443	Loglikelihood: -7.15035e+07	(delta): 0.000808492
69 (QN/Block) 	Elapsed: 30.423	Loglikelihood: -7.15035e+07	(delta): 0.000808835
70 (QN/Block) 	Elapsed: 30.545	Loglikelihood: -7.15035e+07	(delta): 0.000191286
71 (QN/Block) 	Elapsed: 30.199	Loglikelihood: -7.15035e+07	(delta): 3.47346e-05
Summary: 
Converged in 71 iterations (2231.96 sec)
Loglikelihood: -71503496.126780
Fst divergences between estimated populations: 
	Pop0	Pop1	Pop2	Pop3	
Pop0	
Pop1	0.128	
Pop2	0.166	0.205	
Pop3	0.146	0.074	0.230	
Pop4	0.098	0.187	0.228	0.204	
CV error (K=5): 0.67356
Writing output files.
